<?xml version="1.0" encoding="UTF-8"?>
<testng-results ignored="0" total="2" passed="2" failed="0" skipped="0">
  <reporter-output>
  </reporter-output>
  <suite started-at="2025-07-23T15:36:20 IST" name="HRM Test Suite" finished-at="2025-07-23T15:36:29 IST" duration-ms="9209">
    <groups>
    </groups>
    <test started-at="2025-07-23T15:36:20 IST" name="Pending Leave Request Test Case" finished-at="2025-07-23T15:36:25 IST" duration-ms="5354">
      <class name="testCases.Test_Pending_Leave_Request_Test">
        <test-method signature="verifyPendingLeaveRequest()[pri:0, instance:testCases.Test_Pending_Leave_Request_Test@475c9c31]" started-at="2025-07-23T15:36:20 IST" name="verifyPendingLeaveRequest" finished-at="2025-07-23T15:36:25 IST" duration-ms="5314" status="PASS">
          <reporter-output>
          </reporter-output>
        </test-method> <!-- verifyPendingLeaveRequest -->
      </class> <!-- testCases.Test_Pending_Leave_Request_Test -->
    </test> <!-- Pending Leave Request Test Case -->
    <test started-at="2025-07-23T15:36:25 IST" name="Check User Role Test Case" finished-at="2025-07-23T15:36:29 IST" duration-ms="3839">
      <class name="testCases.Test_UserRole_Test">
        <test-method is-config="true" signature="launchBrowser()[pri:0, instance:testCases.Test_UserRole_Test@7d322cad]" started-at="2025-07-23T15:36:13 IST" name="launchBrowser" finished-at="2025-07-23T15:36:20 IST" duration-ms="6993" status="PASS">
          <reporter-output>
          </reporter-output>
        </test-method> <!-- launchBrowser -->
        <test-method signature="adminActions()[pri:0, instance:testCases.Test_UserRole_Test@7d322cad]" started-at="2025-07-23T15:36:25 IST" name="adminActions" finished-at="2025-07-23T15:36:29 IST" duration-ms="3837" status="PASS">
          <reporter-output>
          </reporter-output>
        </test-method> <!-- adminActions -->
        <test-method is-config="true" signature="tearDown()[pri:0, instance:testCases.Test_UserRole_Test@7d322cad]" started-at="2025-07-23T15:36:29 IST" name="tearDown" finished-at="2025-07-23T15:36:29 IST" duration-ms="1" status="PASS">
          <reporter-output>
          </reporter-output>
        </test-method> <!-- tearDown -->
      </class> <!-- testCases.Test_UserRole_Test -->
    </test> <!-- Check User Role Test Case -->
  </suite> <!-- HRM Test Suite -->
</testng-results>
